0 info it worked if it ends with ok
1 verbose cli [ '/usr/bin/node',
1 verbose cli   '/usr/bin/npm',
1 verbose cli   'install',
1 verbose cli   '--save-dev',
1 verbose cli   '-g',
1 verbose cli   'vows' ]
2 info using npm@1.4.28
3 info using node@v0.10.37
4 verbose node symlink /usr/bin/node
5 verbose cache add [ 'vows', null ]
6 verbose cache add name=undefined spec="vows" args=["vows",null]
7 verbose parsed url { protocol: null,
7 verbose parsed url   slashes: null,
7 verbose parsed url   auth: null,
7 verbose parsed url   host: null,
7 verbose parsed url   port: null,
7 verbose parsed url   hostname: null,
7 verbose parsed url   hash: null,
7 verbose parsed url   search: null,
7 verbose parsed url   query: null,
7 verbose parsed url   pathname: 'vows',
7 verbose parsed url   path: 'vows',
7 verbose parsed url   href: 'vows' }
8 silly lockFile da8e0031-vows vows
9 verbose lock vows /home/carlos/.npm/da8e0031-vows.lock
10 silly lockFile da8e0031-vows vows
11 silly lockFile da8e0031-vows vows
12 verbose addNamed [ 'vows', '' ]
13 verbose addNamed [ null, '*' ]
14 silly lockFile b0d276f1-vows vows@
15 verbose lock vows@ /home/carlos/.npm/b0d276f1-vows.lock
16 silly addNameRange { name: 'vows', range: '*', hasData: false }
17 verbose request where is /vows
18 verbose request registry https://registry.npmjs.org/
19 verbose request id 4c210b815fc21afa
20 verbose url raw /vows
21 verbose url resolving [ 'https://registry.npmjs.org/', './vows' ]
22 verbose url resolved https://registry.npmjs.org/vows
23 verbose request where is https://registry.npmjs.org/vows
24 info trying registry request attempt 1 at 00:16:51
25 verbose etag "2907VB167NVE8PWBSHZSMNHBL"
26 http GET https://registry.npmjs.org/vows
27 http 304 https://registry.npmjs.org/vows
28 silly registry.get cb [ 304,
28 silly registry.get   { date: 'Thu, 27 Aug 2015 03:16:52 GMT',
28 silly registry.get     via: '1.1 varnish',
28 silly registry.get     'cache-control': 'max-age=60',
28 silly registry.get     etag: '"2907VB167NVE8PWBSHZSMNHBL"',
28 silly registry.get     age: '0',
28 silly registry.get     connection: 'keep-alive',
28 silly registry.get     'x-served-by': 'cache-atl6225-ATL',
28 silly registry.get     'x-cache': 'HIT',
28 silly registry.get     'x-cache-hits': '1',
28 silly registry.get     'x-timer': 'S1440645412.196964,VS0,VE112',
28 silly registry.get     vary: 'Accept' } ]
29 verbose etag https://registry.npmjs.org/vows from cache
30 silly addNameRange number 2 { name: 'vows', range: '*', hasData: true }
31 silly addNameRange versions [ 'vows',
31 silly addNameRange   [ '0.2.5',
31 silly addNameRange     '0.3.0',
31 silly addNameRange     '0.3.1',
31 silly addNameRange     '0.3.2',
31 silly addNameRange     '0.3.3',
31 silly addNameRange     '0.3.4',
31 silly addNameRange     '0.3.5',
31 silly addNameRange     '0.4.0',
31 silly addNameRange     '0.4.1',
31 silly addNameRange     '0.4.2',
31 silly addNameRange     '0.4.3',
31 silly addNameRange     '0.4.4',
31 silly addNameRange     '0.4.5',
31 silly addNameRange     '0.4.6',
31 silly addNameRange     '0.5.0',
31 silly addNameRange     '0.5.5',
31 silly addNameRange     '0.5.6',
31 silly addNameRange     '0.5.8',
31 silly addNameRange     '0.5.9',
31 silly addNameRange     '0.5.10',
31 silly addNameRange     '0.5.11',
31 silly addNameRange     '0.5.12',
31 silly addNameRange     '0.5.13',
31 silly addNameRange     '0.6.0',
31 silly addNameRange     '0.6.1',
31 silly addNameRange     '0.6.2',
31 silly addNameRange     '0.6.3',
31 silly addNameRange     '0.6.4',
31 silly addNameRange     '0.7.0',
31 silly addNameRange     '0.8.0',
31 silly addNameRange     '0.8.1',
31 silly addNameRange     '0.9.0-rc1',
31 silly addNameRange     '0.9.0-rc2' ] ]
32 verbose addNamed [ 'vows', '0.8.1' ]
33 verbose addNamed [ '0.8.1', '0.8.1' ]
34 silly lockFile 3578baa8-vows-0-8-1 vows@0.8.1
35 verbose lock vows@0.8.1 /home/carlos/.npm/3578baa8-vows-0-8-1.lock
36 silly lockFile 3578baa8-vows-0-8-1 vows@0.8.1
37 silly lockFile 3578baa8-vows-0-8-1 vows@0.8.1
38 silly lockFile b0d276f1-vows vows@
39 silly lockFile b0d276f1-vows vows@
40 silly resolved [ { name: 'vows',
40 silly resolved     version: '0.8.1',
40 silly resolved     description: 'Asynchronous BDD & continuous integration for node.js',
40 silly resolved     url: 'http://vowsjs.org',
40 silly resolved     keywords: [ 'testing', 'spec', 'test', 'BDD' ],
40 silly resolved     author: { name: 'Alexis Sellier', email: 'self@cloudhead.net' },
40 silly resolved     contributors: [ [Object], [Object] ],
40 silly resolved     dependencies: { eyes: '~0.1.6', diff: '~1.0.8', glob: '~4.0.6' },
40 silly resolved     main: './lib/vows',
40 silly resolved     repository: { type: 'git', url: 'https://github.com/cloudhead/vows.git' },
40 silly resolved     bin: { vows: './bin/vows' },
40 silly resolved     directories: { test: 'test' },
40 silly resolved     scripts: { test: 'node ./bin/vows --spec' },
40 silly resolved     bugs: { url: 'https://github.com/cloudhead/vows/issues' },
40 silly resolved     homepage: 'https://github.com/cloudhead/vows',
40 silly resolved     license: 'MIT',
40 silly resolved     gitHead: '81333f31df9ea7a64896d0f9415077a1bc500869',
40 silly resolved     _id: 'vows@0.8.1',
40 silly resolved     _shasum: 'e09e988ce594ca05a08d72abcca34e88db559131',
40 silly resolved     _from: 'vows@',
40 silly resolved     _npmVersion: '2.1.7',
40 silly resolved     _nodeVersion: '0.10.33',
40 silly resolved     _npmUser: { name: 'indexzero', email: 'charlie.robbins@gmail.com' },
40 silly resolved     maintainers: [ [Object], [Object], [Object], [Object] ],
40 silly resolved     dist:
40 silly resolved      { shasum: 'e09e988ce594ca05a08d72abcca34e88db559131',
40 silly resolved        tarball: 'http://registry.npmjs.org/vows/-/vows-0.8.1.tgz' },
40 silly resolved     _resolved: 'https://registry.npmjs.org/vows/-/vows-0.8.1.tgz',
40 silly resolved     readme: 'ERROR: No README data found!' } ]
41 info install vows@0.8.1 into /usr/lib
42 info installOne vows@0.8.1
43 verbose lib/node_modules/vows unbuild
44 verbose tar unpack /home/carlos/.npm/vows/0.8.1/package.tgz
45 silly lockFile 23169c7a-tar-usr-lib-node-modules-vows tar:///usr/lib/node_modules/vows
46 verbose lock tar:///usr/lib/node_modules/vows /home/carlos/.npm/23169c7a-tar-usr-lib-node-modules-vows.lock
47 silly lockFile a82f1f2e-arlos-npm-vows-0-8-1-package-tgz tar:///home/carlos/.npm/vows/0.8.1/package.tgz
48 verbose lock tar:///home/carlos/.npm/vows/0.8.1/package.tgz /home/carlos/.npm/a82f1f2e-arlos-npm-vows-0-8-1-package-tgz.lock
49 silly gunzTarPerm modes [ '775', '664' ]
50 error Error: EACCES, mkdir '/usr/lib/node_modules/vows'
50 error  { [Error: EACCES, mkdir '/usr/lib/node_modules/vows']
50 error   errno: 3,
50 error   code: 'EACCES',
50 error   path: '/usr/lib/node_modules/vows',
50 error   fstream_type: 'Directory',
50 error   fstream_path: '/usr/lib/node_modules/vows',
50 error   fstream_class: 'DirWriter',
50 error   fstream_stack:
50 error    [ '/usr/lib/node_modules/npm/node_modules/fstream/lib/dir-writer.js:36:23',
50 error      '/usr/lib/node_modules/npm/node_modules/mkdirp/index.js:46:53',
50 error      'Object.oncomplete (fs.js:108:15)' ] }
51 error Please try running this command again as root/Administrator.
52 error System Linux 3.16.0-30-generic
53 error command "/usr/bin/node" "/usr/bin/npm" "install" "--save-dev" "-g" "vows"
54 error cwd /var/www/NodeJs
55 error node -v v0.10.37
56 error npm -v 1.4.28
57 error path /usr/lib/node_modules/vows
58 error fstream_path /usr/lib/node_modules/vows
59 error fstream_type Directory
60 error fstream_class DirWriter
61 error code EACCES
62 error errno 3
63 error stack Error: EACCES, mkdir '/usr/lib/node_modules/vows'
64 error fstream_stack /usr/lib/node_modules/npm/node_modules/fstream/lib/dir-writer.js:36:23
64 error fstream_stack /usr/lib/node_modules/npm/node_modules/mkdirp/index.js:46:53
64 error fstream_stack Object.oncomplete (fs.js:108:15)
65 verbose exit [ 3, true ]
